{"/home/nihal/express-biztime/app.js": {"path":"/home/nihal/express-biztime/app.js","statementMap":{"0":{"start":{"line":2,"column":16},"end":{"line":2,"column":34}},"1":{"start":{"line":3,"column":16},"end":{"line":3,"column":45}},"2":{"start":{"line":4,"column":16},"end":{"line":4,"column":44}},"3":{"start":{"line":5,"column":21},"end":{"line":5,"column":46}},"4":{"start":{"line":7,"column":12},"end":{"line":7,"column":21}},"5":{"start":{"line":9,"column":0},"end":{"line":9,"column":24}},"6":{"start":{"line":10,"column":0},"end":{"line":10,"column":31}},"7":{"start":{"line":11,"column":0},"end":{"line":11,"column":30}},"8":{"start":{"line":15,"column":0},"end":{"line":18,"column":3}},"9":{"start":{"line":16,"column":14},"end":{"line":16,"column":48}},"10":{"start":{"line":17,"column":2},"end":{"line":17,"column":19}},"11":{"start":{"line":22,"column":0},"end":{"line":28,"column":3}},"12":{"start":{"line":23,"column":15},"end":{"line":23,"column":32}},"13":{"start":{"line":24,"column":16},"end":{"line":24,"column":54}},"14":{"start":{"line":25,"column":2},"end":{"line":27,"column":5}},"15":{"start":{"line":31,"column":0},"end":{"line":31,"column":21}}},"fnMap":{"0":{"name":"(anonymous_0)","decl":{"start":{"line":15,"column":8},"end":{"line":15,"column":9}},"loc":{"start":{"line":15,"column":33},"end":{"line":18,"column":1}},"line":15},"1":{"name":"(anonymous_1)","decl":{"start":{"line":22,"column":8},"end":{"line":22,"column":9}},"loc":{"start":{"line":22,"column":33},"end":{"line":28,"column":1}},"line":22}},"branchMap":{"0":{"loc":{"start":{"line":23,"column":15},"end":{"line":23,"column":32}},"type":"binary-expr","locations":[{"start":{"line":23,"column":15},"end":{"line":23,"column":25}},{"start":{"line":23,"column":29},"end":{"line":23,"column":32}}],"line":23},"1":{"loc":{"start":{"line":24,"column":16},"end":{"line":24,"column":54}},"type":"binary-expr","locations":[{"start":{"line":24,"column":16},"end":{"line":24,"column":27}},{"start":{"line":24,"column":31},"end":{"line":24,"column":54}}],"line":24}},"s":{"0":2,"1":2,"2":2,"3":2,"4":2,"5":2,"6":2,"7":2,"8":2,"9":0,"10":0,"11":2,"12":6,"13":6,"14":6,"15":2},"f":{"0":0,"1":6},"b":{"0":[6,0],"1":[6,0]},"_coverageSchema":"1a1c01bbd47fc00a2c39e90264f33305004495a9","hash":"b2f487cd5e4cc9350fb41b84cb3c32f635703807"}
,"/home/nihal/express-biztime/db.js": {"path":"/home/nihal/express-biztime/db.js","statementMap":{"0":{"start":{"line":2,"column":19},"end":{"line":2,"column":32}},"1":{"start":{"line":6,"column":0},"end":{"line":10,"column":1}},"2":{"start":{"line":7,"column":2},"end":{"line":7,"column":74}},"3":{"start":{"line":9,"column":2},"end":{"line":9,"column":68}},"4":{"start":{"line":12,"column":11},"end":{"line":14,"column":2}},"5":{"start":{"line":16,"column":0},"end":{"line":22,"column":3}},"6":{"start":{"line":17,"column":2},"end":{"line":21,"column":3}},"7":{"start":{"line":18,"column":4},"end":{"line":18,"column":49}},"8":{"start":{"line":20,"column":4},"end":{"line":20,"column":45}},"9":{"start":{"line":24,"column":0},"end":{"line":24,"column":20}}},"fnMap":{"0":{"name":"(anonymous_0)","decl":{"start":{"line":16,"column":11},"end":{"line":16,"column":12}},"loc":{"start":{"line":16,"column":18},"end":{"line":22,"column":1}},"line":16}},"branchMap":{"0":{"loc":{"start":{"line":6,"column":0},"end":{"line":10,"column":1}},"type":"if","locations":[{"start":{"line":6,"column":0},"end":{"line":10,"column":1}},{"start":{"line":8,"column":7},"end":{"line":10,"column":1}}],"line":6},"1":{"loc":{"start":{"line":17,"column":2},"end":{"line":21,"column":3}},"type":"if","locations":[{"start":{"line":17,"column":2},"end":{"line":21,"column":3}},{"start":{"line":19,"column":9},"end":{"line":21,"column":3}}],"line":17}},"s":{"0":2,"1":2,"2":2,"3":0,"4":2,"5":2,"6":2,"7":0,"8":2,"9":2},"f":{"0":2},"b":{"0":[2,0],"1":[0,2]},"_coverageSchema":"1a1c01bbd47fc00a2c39e90264f33305004495a9","hash":"3efaee544f41d2b2d9984d6b660f36a9d31462f7"}
,"/home/nihal/express-biztime/expressError.js": {"path":"/home/nihal/express-biztime/expressError.js","statementMap":{"0":{"start":{"line":9,"column":4},"end":{"line":9,"column":12}},"1":{"start":{"line":10,"column":4},"end":{"line":10,"column":27}},"2":{"start":{"line":11,"column":4},"end":{"line":11,"column":25}},"3":{"start":{"line":12,"column":4},"end":{"line":12,"column":30}},"4":{"start":{"line":17,"column":0},"end":{"line":17,"column":30}}},"fnMap":{"0":{"name":"(anonymous_0)","decl":{"start":{"line":8,"column":2},"end":{"line":8,"column":3}},"loc":{"start":{"line":8,"column":31},"end":{"line":13,"column":3}},"line":8}},"branchMap":{},"s":{"0":6,"1":6,"2":6,"3":6,"4":2},"f":{"0":6},"b":{},"_coverageSchema":"1a1c01bbd47fc00a2c39e90264f33305004495a9","hash":"73363a1ae30f5d3951cf1d8c53e8dc26cb229a81"}
,"/home/nihal/express-biztime/routes/companies.js": {"path":"/home/nihal/express-biztime/routes/companies.js","statementMap":{"0":{"start":{"line":1,"column":16},"end":{"line":1,"column":34}},"1":{"start":{"line":2,"column":15},"end":{"line":2,"column":35}},"2":{"start":{"line":3,"column":21},"end":{"line":3,"column":47}},"3":{"start":{"line":4,"column":16},"end":{"line":4,"column":34}},"4":{"start":{"line":5,"column":11},"end":{"line":5,"column":27}},"5":{"start":{"line":7,"column":0},"end":{"line":15,"column":3}},"6":{"start":{"line":8,"column":4},"end":{"line":13,"column":5}},"7":{"start":{"line":9,"column":24},"end":{"line":9,"column":74}},"8":{"start":{"line":10,"column":8},"end":{"line":10,"column":53}},"9":{"start":{"line":12,"column":8},"end":{"line":12,"column":23}},"10":{"start":{"line":17,"column":0},"end":{"line":47,"column":3}},"11":{"start":{"line":18,"column":4},"end":{"line":46,"column":5}},"12":{"start":{"line":19,"column":8},"end":{"line":19,"column":36}},"13":{"start":{"line":20,"column":23},"end":{"line":24,"column":47}},"14":{"start":{"line":26,"column":8},"end":{"line":26,"column":109}},"15":{"start":{"line":26,"column":38},"end":{"line":26,"column":109}},"16":{"start":{"line":28,"column":21},"end":{"line":28,"column":35}},"17":{"start":{"line":30,"column":23},"end":{"line":41,"column":13}},"18":{"start":{"line":43,"column":8},"end":{"line":43,"column":37}},"19":{"start":{"line":45,"column":8},"end":{"line":45,"column":23}},"20":{"start":{"line":49,"column":0},"end":{"line":59,"column":3}},"21":{"start":{"line":50,"column":34},"end":{"line":50,"column":42}},"22":{"start":{"line":51,"column":16},"end":{"line":51,"column":29}},"23":{"start":{"line":52,"column":19},"end":{"line":55,"column":70}},"24":{"start":{"line":57,"column":4},"end":{"line":57,"column":61}},"25":{"start":{"line":61,"column":0},"end":{"line":78,"column":3}},"26":{"start":{"line":62,"column":4},"end":{"line":77,"column":5}},"27":{"start":{"line":63,"column":25},"end":{"line":63,"column":35}},"28":{"start":{"line":64,"column":38},"end":{"line":64,"column":46}},"29":{"start":{"line":66,"column":23},"end":{"line":69,"column":74}},"30":{"start":{"line":71,"column":8},"end":{"line":71,"column":98}},"31":{"start":{"line":71,"column":38},"end":{"line":71,"column":98}},"32":{"start":{"line":73,"column":8},"end":{"line":73,"column":52}},"33":{"start":{"line":76,"column":8},"end":{"line":76,"column":23}},"34":{"start":{"line":80,"column":0},"end":{"line":93,"column":3}},"35":{"start":{"line":81,"column":4},"end":{"line":92,"column":5}},"36":{"start":{"line":82,"column":25},"end":{"line":82,"column":35}},"37":{"start":{"line":84,"column":23},"end":{"line":84,"column":84}},"38":{"start":{"line":86,"column":8},"end":{"line":86,"column":94}},"39":{"start":{"line":86,"column":34},"end":{"line":86,"column":94}},"40":{"start":{"line":88,"column":8},"end":{"line":88,"column":47}},"41":{"start":{"line":91,"column":8},"end":{"line":91,"column":23}},"42":{"start":{"line":99,"column":0},"end":{"line":99,"column":24}}},"fnMap":{"0":{"name":"(anonymous_0)","decl":{"start":{"line":7,"column":16},"end":{"line":7,"column":17}},"loc":{"start":{"line":7,"column":42},"end":{"line":15,"column":1}},"line":7},"1":{"name":"(anonymous_1)","decl":{"start":{"line":17,"column":21},"end":{"line":17,"column":22}},"loc":{"start":{"line":17,"column":47},"end":{"line":47,"column":1}},"line":17},"2":{"name":"(anonymous_2)","decl":{"start":{"line":49,"column":17},"end":{"line":49,"column":18}},"loc":{"start":{"line":49,"column":43},"end":{"line":59,"column":1}},"line":49},"3":{"name":"(anonymous_3)","decl":{"start":{"line":61,"column":21},"end":{"line":61,"column":22}},"loc":{"start":{"line":61,"column":47},"end":{"line":78,"column":1}},"line":61},"4":{"name":"(anonymous_4)","decl":{"start":{"line":80,"column":24},"end":{"line":80,"column":25}},"loc":{"start":{"line":80,"column":50},"end":{"line":93,"column":1}},"line":80}},"branchMap":{"0":{"loc":{"start":{"line":26,"column":8},"end":{"line":26,"column":109}},"type":"if","locations":[{"start":{"line":26,"column":8},"end":{"line":26,"column":109}},{"start":{},"end":{}}],"line":26},"1":{"loc":{"start":{"line":71,"column":8},"end":{"line":71,"column":98}},"type":"if","locations":[{"start":{"line":71,"column":8},"end":{"line":71,"column":98}},{"start":{},"end":{}}],"line":71},"2":{"loc":{"start":{"line":86,"column":8},"end":{"line":86,"column":94}},"type":"if","locations":[{"start":{"line":86,"column":8},"end":{"line":86,"column":94}},{"start":{},"end":{}}],"line":86}},"s":{"0":2,"1":2,"2":2,"3":2,"4":2,"5":2,"6":1,"7":1,"8":1,"9":0,"10":2,"11":2,"12":2,"13":2,"14":2,"15":1,"16":1,"17":1,"18":1,"19":1,"20":2,"21":1,"22":1,"23":1,"24":1,"25":2,"26":2,"27":2,"28":2,"29":2,"30":2,"31":1,"32":1,"33":1,"34":2,"35":2,"36":2,"37":2,"38":2,"39":1,"40":1,"41":1,"42":2},"f":{"0":1,"1":2,"2":1,"3":2,"4":2},"b":{"0":[1,1],"1":[1,1],"2":[1,1]},"_coverageSchema":"1a1c01bbd47fc00a2c39e90264f33305004495a9","hash":"50f44ddd54af5a964ae95e7dc0f9fc196c240a81"}
,"/home/nihal/express-biztime/routes/invoices.js": {"path":"/home/nihal/express-biztime/routes/invoices.js","statementMap":{"0":{"start":{"line":1,"column":16},"end":{"line":1,"column":34}},"1":{"start":{"line":2,"column":15},"end":{"line":2,"column":35}},"2":{"start":{"line":4,"column":11},"end":{"line":4,"column":27}},"3":{"start":{"line":5,"column":21},"end":{"line":5,"column":47}},"4":{"start":{"line":7,"column":0},"end":{"line":15,"column":3}},"5":{"start":{"line":8,"column":4},"end":{"line":13,"column":5}},"6":{"start":{"line":9,"column":24},"end":{"line":9,"column":77}},"7":{"start":{"line":10,"column":8},"end":{"line":10,"column":52}},"8":{"start":{"line":12,"column":8},"end":{"line":12,"column":23}},"9":{"start":{"line":17,"column":0},"end":{"line":48,"column":3}},"10":{"start":{"line":18,"column":4},"end":{"line":47,"column":5}},"11":{"start":{"line":19,"column":23},"end":{"line":24,"column":43}},"12":{"start":{"line":26,"column":8},"end":{"line":26,"column":105}},"13":{"start":{"line":26,"column":38},"end":{"line":26,"column":105}},"14":{"start":{"line":28,"column":21},"end":{"line":28,"column":35}},"15":{"start":{"line":30,"column":24},"end":{"line":41,"column":9}},"16":{"start":{"line":43,"column":8},"end":{"line":43,"column":46}},"17":{"start":{"line":46,"column":8},"end":{"line":46,"column":23}},"18":{"start":{"line":50,"column":0},"end":{"line":58,"column":3}},"19":{"start":{"line":51,"column":31},"end":{"line":51,"column":39}},"20":{"start":{"line":52,"column":19},"end":{"line":55,"column":83}},"21":{"start":{"line":57,"column":4},"end":{"line":57,"column":61}},"22":{"start":{"line":60,"column":0},"end":{"line":76,"column":3}},"23":{"start":{"line":61,"column":4},"end":{"line":75,"column":5}},"24":{"start":{"line":62,"column":23},"end":{"line":62,"column":33}},"25":{"start":{"line":63,"column":24},"end":{"line":63,"column":32}},"26":{"start":{"line":64,"column":23},"end":{"line":67,"column":80}},"27":{"start":{"line":69,"column":8},"end":{"line":69,"column":94}},"28":{"start":{"line":69,"column":38},"end":{"line":69,"column":94}},"29":{"start":{"line":71,"column":8},"end":{"line":71,"column":52}},"30":{"start":{"line":74,"column":8},"end":{"line":74,"column":23}},"31":{"start":{"line":78,"column":0},"end":{"line":89,"column":3}},"32":{"start":{"line":79,"column":4},"end":{"line":88,"column":5}},"33":{"start":{"line":80,"column":23},"end":{"line":80,"column":33}},"34":{"start":{"line":81,"column":23},"end":{"line":81,"column":79}},"35":{"start":{"line":82,"column":8},"end":{"line":82,"column":27}},"36":{"start":{"line":83,"column":8},"end":{"line":83,"column":91}},"37":{"start":{"line":83,"column":35},"end":{"line":83,"column":91}},"38":{"start":{"line":84,"column":8},"end":{"line":84,"column":47}},"39":{"start":{"line":87,"column":8},"end":{"line":87,"column":23}},"40":{"start":{"line":93,"column":0},"end":{"line":93,"column":24}}},"fnMap":{"0":{"name":"(anonymous_0)","decl":{"start":{"line":7,"column":16},"end":{"line":7,"column":17}},"loc":{"start":{"line":7,"column":42},"end":{"line":15,"column":1}},"line":7},"1":{"name":"(anonymous_1)","decl":{"start":{"line":17,"column":19},"end":{"line":17,"column":20}},"loc":{"start":{"line":17,"column":45},"end":{"line":48,"column":1}},"line":17},"2":{"name":"(anonymous_2)","decl":{"start":{"line":50,"column":17},"end":{"line":50,"column":18}},"loc":{"start":{"line":50,"column":43},"end":{"line":58,"column":1}},"line":50},"3":{"name":"(anonymous_3)","decl":{"start":{"line":60,"column":19},"end":{"line":60,"column":20}},"loc":{"start":{"line":60,"column":45},"end":{"line":76,"column":1}},"line":60},"4":{"name":"(anonymous_4)","decl":{"start":{"line":78,"column":22},"end":{"line":78,"column":23}},"loc":{"start":{"line":78,"column":48},"end":{"line":89,"column":1}},"line":78}},"branchMap":{"0":{"loc":{"start":{"line":26,"column":8},"end":{"line":26,"column":105}},"type":"if","locations":[{"start":{"line":26,"column":8},"end":{"line":26,"column":105}},{"start":{},"end":{}}],"line":26},"1":{"loc":{"start":{"line":69,"column":8},"end":{"line":69,"column":94}},"type":"if","locations":[{"start":{"line":69,"column":8},"end":{"line":69,"column":94}},{"start":{},"end":{}}],"line":69},"2":{"loc":{"start":{"line":83,"column":8},"end":{"line":83,"column":91}},"type":"if","locations":[{"start":{"line":83,"column":8},"end":{"line":83,"column":91}},{"start":{},"end":{}}],"line":83}},"s":{"0":2,"1":2,"2":2,"3":2,"4":2,"5":1,"6":1,"7":1,"8":0,"9":2,"10":2,"11":2,"12":2,"13":1,"14":1,"15":1,"16":1,"17":1,"18":2,"19":1,"20":1,"21":1,"22":2,"23":2,"24":2,"25":2,"26":2,"27":2,"28":1,"29":1,"30":1,"31":2,"32":2,"33":2,"34":2,"35":2,"36":2,"37":1,"38":1,"39":1,"40":2},"f":{"0":1,"1":2,"2":1,"3":2,"4":2},"b":{"0":[1,1],"1":[1,1],"2":[1,1]},"_coverageSchema":"1a1c01bbd47fc00a2c39e90264f33305004495a9","hash":"8f24e6fcabade8bfa53678a8ef605e80964b6ae3"}
}
