TN:
SF:app.js
FN:15,(anonymous_0)
FN:22,(anonymous_1)
FNF:2
FNH:1
FNDA:0,(anonymous_0)
FNDA:6,(anonymous_1)
DA:2,2
DA:3,2
DA:4,2
DA:5,2
DA:7,2
DA:9,2
DA:10,2
DA:11,2
DA:15,2
DA:16,0
DA:17,0
DA:22,2
DA:23,6
DA:24,6
DA:25,6
DA:31,2
LF:16
LH:14
BRDA:23,0,0,6
BRDA:23,0,1,0
BRDA:24,1,0,6
BRDA:24,1,1,0
BRF:4
BRH:2
end_of_record
TN:
SF:db.js
FN:16,(anonymous_0)
FNF:1
FNH:1
FNDA:2,(anonymous_0)
DA:2,2
DA:6,2
DA:7,2
DA:9,0
DA:12,2
DA:16,2
DA:17,2
DA:18,0
DA:20,2
DA:24,2
LF:10
LH:8
BRDA:6,0,0,2
BRDA:6,0,1,0
BRDA:17,1,0,0
BRDA:17,1,1,2
BRF:4
BRH:2
end_of_record
TN:
SF:expressError.js
FN:8,(anonymous_0)
FNF:1
FNH:1
FNDA:6,(anonymous_0)
DA:9,6
DA:10,6
DA:11,6
DA:12,6
DA:17,2
LF:5
LH:5
BRF:0
BRH:0
end_of_record
TN:
SF:routes/companies.js
FN:7,(anonymous_0)
FN:17,(anonymous_1)
FN:49,(anonymous_2)
FN:61,(anonymous_3)
FN:80,(anonymous_4)
FNF:5
FNH:5
FNDA:1,(anonymous_0)
FNDA:2,(anonymous_1)
FNDA:1,(anonymous_2)
FNDA:2,(anonymous_3)
FNDA:2,(anonymous_4)
DA:1,2
DA:2,2
DA:3,2
DA:4,2
DA:5,2
DA:7,2
DA:8,1
DA:9,1
DA:10,1
DA:12,0
DA:17,2
DA:18,2
DA:19,2
DA:20,2
DA:26,2
DA:28,1
DA:30,1
DA:43,1
DA:45,1
DA:49,2
DA:50,1
DA:51,1
DA:52,1
DA:57,1
DA:61,2
DA:62,2
DA:63,2
DA:64,2
DA:66,2
DA:71,2
DA:73,1
DA:76,1
DA:80,2
DA:81,2
DA:82,2
DA:84,2
DA:86,2
DA:88,1
DA:91,1
DA:99,2
LF:40
LH:39
BRDA:26,0,0,1
BRDA:26,0,1,1
BRDA:71,1,0,1
BRDA:71,1,1,1
BRDA:86,2,0,1
BRDA:86,2,1,1
BRF:6
BRH:6
end_of_record
TN:
SF:routes/invoices.js
FN:7,(anonymous_0)
FN:17,(anonymous_1)
FN:50,(anonymous_2)
FN:60,(anonymous_3)
FN:78,(anonymous_4)
FNF:5
FNH:5
FNDA:1,(anonymous_0)
FNDA:2,(anonymous_1)
FNDA:1,(anonymous_2)
FNDA:2,(anonymous_3)
FNDA:2,(anonymous_4)
DA:1,2
DA:2,2
DA:4,2
DA:5,2
DA:7,2
DA:8,1
DA:9,1
DA:10,1
DA:12,0
DA:17,2
DA:18,2
DA:19,2
DA:26,2
DA:28,1
DA:30,1
DA:43,1
DA:46,1
DA:50,2
DA:51,1
DA:52,1
DA:57,1
DA:60,2
DA:61,2
DA:62,2
DA:63,2
DA:64,2
DA:69,2
DA:71,1
DA:74,1
DA:78,2
DA:79,2
DA:80,2
DA:81,2
DA:82,2
DA:83,2
DA:84,1
DA:87,1
DA:93,2
LF:38
LH:37
BRDA:26,0,0,1
BRDA:26,0,1,1
BRDA:69,1,0,1
BRDA:69,1,1,1
BRDA:83,2,0,1
BRDA:83,2,1,1
BRF:6
BRH:6
end_of_record
